{"/home/ehcorrea/development/mobile/strykerAsyncApp/src/components/Subtitle/index.tsx": {"path":"/home/ehcorrea/development/mobile/strykerAsyncApp/src/components/Subtitle/index.tsx","statementMap":{"0":{"start":{"line":5,"column":17},"end":{"line":17,"column":1}},"1":{"start":{"line":6,"column":28},"end":{"line":6,"column":40}},"2":{"start":{"line":8,"column":2},"end":{"line":10,"column":9}},"3":{"start":{"line":9,"column":4},"end":{"line":9,"column":40}},"4":{"start":{"line":9,"column":21},"end":{"line":9,"column":33}},"5":{"start":{"line":12,"column":2},"end":{"line":16,"column":4}}},"fnMap":{"0":{"name":"(anonymous_0)","decl":{"start":{"line":5,"column":17},"end":{"line":5,"column":18}},"loc":{"start":{"line":5,"column":23},"end":{"line":17,"column":1}},"line":5},"1":{"name":"(anonymous_1)","decl":{"start":{"line":8,"column":12},"end":{"line":8,"column":13}},"loc":{"start":{"line":8,"column":18},"end":{"line":10,"column":3}},"line":8},"2":{"name":"(anonymous_2)","decl":{"start":{"line":9,"column":15},"end":{"line":9,"column":16}},"loc":{"start":{"line":9,"column":21},"end":{"line":9,"column":33}},"line":9}},"branchMap":{},"s":{"0":1,"1":2,"2":2,"3":1,"4":1,"5":2},"f":{"0":2,"1":1,"2":1},"b":{},"_coverageSchema":"1a1c01bbd47fc00a2c39e90264f33305004495a9","hash":"386c0a50315a471282557e4eedc4c15ec2c90653"}
,"/home/ehcorrea/development/mobile/strykerAsyncApp/src/components/Title/index.tsx": {"path":"/home/ehcorrea/development/mobile/strykerAsyncApp/src/components/Title/index.tsx","statementMap":{"0":{"start":{"line":7,"column":14},"end":{"line":23,"column":1}},"1":{"start":{"line":8,"column":24},"end":{"line":8,"column":62}},"2":{"start":{"line":10,"column":2},"end":{"line":16,"column":22}},"3":{"start":{"line":11,"column":4},"end":{"line":15,"column":15}},"4":{"start":{"line":18,"column":2},"end":{"line":22,"column":4}}},"fnMap":{"0":{"name":"(anonymous_0)","decl":{"start":{"line":7,"column":14},"end":{"line":7,"column":15}},"loc":{"start":{"line":7,"column":20},"end":{"line":23,"column":1}},"line":7},"1":{"name":"(anonymous_1)","decl":{"start":{"line":10,"column":12},"end":{"line":10,"column":13}},"loc":{"start":{"line":10,"column":18},"end":{"line":16,"column":3}},"line":10}},"branchMap":{},"s":{"0":1,"1":1,"2":1,"3":1,"4":1},"f":{"0":1,"1":1},"b":{},"_coverageSchema":"1a1c01bbd47fc00a2c39e90264f33305004495a9","hash":"5c4a78fb37e63fe054c33f393e45dced7f868b9d"}
}
